<?xml version="1.0" encoding="UTF-8"?>
<testng-results ignored="0" total="1" passed="1" failed="0" skipped="0">
  <reporter-output>
  </reporter-output>
  <suite started-at="2023-10-01T10:05:47Z" name="Surefire suite" finished-at="2023-10-01T10:05:53Z" duration-ms="6165">
    <groups>
    </groups>
    <test started-at="2023-10-01T10:05:47Z" name="Surefire test" finished-at="2023-10-01T10:05:53Z" duration-ms="6165">
      <class name="com.learnautomation.testcases.LoginTest">
        <test-method is-config="true" signature="setUpSuite()[pri:0, instance:com.learnautomation.testcases.LoginTest@c730b35]" started-at="2023-10-01T15:35:46Z" name="setUpSuite" finished-at="2023-10-01T15:35:47Z" duration-ms="376" status="PASS">
          <reporter-output>
          </reporter-output>
        </test-method> <!-- setUpSuite -->
        <test-method is-config="true" signature="setup()[pri:0, instance:com.learnautomation.testcases.LoginTest@c730b35]" started-at="2023-10-01T15:35:47Z" name="setup" finished-at="2023-10-01T15:35:50Z" duration-ms="3076" status="PASS">
          <reporter-output>
          </reporter-output>
        </test-method> <!-- setup -->
        <test-method signature="loginApp()[pri:0, instance:com.learnautomation.testcases.LoginTest@c730b35]" started-at="2023-10-01T15:35:50Z" name="loginApp" finished-at="2023-10-01T15:35:52Z" duration-ms="2116" status="PASS">
          <reporter-output>
          </reporter-output>
        </test-method> <!-- loginApp -->
        <test-method is-config="true" signature="tearDownMethod()[pri:0, instance:com.learnautomation.testcases.LoginTest@c730b35]" started-at="2023-10-01T15:35:52Z" name="tearDownMethod" finished-at="2023-10-01T15:35:52Z" duration-ms="47" status="PASS">
          <reporter-output>
          </reporter-output>
        </test-method> <!-- tearDownMethod -->
        <test-method is-config="true" signature="tearDown()[pri:0, instance:com.learnautomation.testcases.LoginTest@c730b35]" started-at="2023-10-01T15:35:52Z" name="tearDown" finished-at="2023-10-01T15:35:53Z" duration-ms="926" status="PASS">
          <reporter-output>
          </reporter-output>
        </test-method> <!-- tearDown -->
      </class> <!-- com.learnautomation.testcases.LoginTest -->
    </test> <!-- Surefire test -->
  </suite> <!-- Surefire suite -->
</testng-results>
