<?xml version="1.0" encoding="UTF-8"?>
<testng-results ignored="0" total="1" passed="1" failed="0" skipped="0">
  <reporter-output>
  </reporter-output>
  <suite started-at="2023-09-25T00:05:31Z" name="Default suite" finished-at="2023-09-25T00:05:39Z" duration-ms="8341">
    <groups>
    </groups>
    <test started-at="2023-09-25T00:05:31Z" name="Default test" finished-at="2023-09-25T00:05:39Z" duration-ms="8341">
      <class name="com.learnautomation.testcases.LoginTest">
        <test-method is-config="true" signature="setUpSuite()[pri:0, instance:com.learnautomation.testcases.LoginTest@4ebff610]" started-at="2023-09-25T05:35:31Z" name="setUpSuite" finished-at="2023-09-25T05:35:31Z" duration-ms="440" status="PASS">
          <reporter-output>
          </reporter-output>
        </test-method> <!-- setUpSuite -->
        <test-method is-config="true" signature="setup()[pri:0, instance:com.learnautomation.testcases.LoginTest@4ebff610]" started-at="2023-09-25T05:35:31Z" name="setup" finished-at="2023-09-25T05:35:34Z" duration-ms="3203" status="PASS">
          <reporter-output>
          </reporter-output>
        </test-method> <!-- setup -->
        <test-method signature="loginApp()[pri:0, instance:com.learnautomation.testcases.LoginTest@4ebff610]" started-at="2023-09-25T05:35:34Z" name="loginApp" finished-at="2023-09-25T05:35:36Z" duration-ms="2179" status="PASS">
          <reporter-output>
          </reporter-output>
        </test-method> <!-- loginApp -->
        <test-method is-config="true" signature="tearDownMethod()[pri:0, instance:com.learnautomation.testcases.LoginTest@4ebff610]" started-at="2023-09-25T05:35:36Z" name="tearDownMethod" finished-at="2023-09-25T05:35:37Z" duration-ms="62" status="PASS">
          <reporter-output>
          </reporter-output>
        </test-method> <!-- tearDownMethod -->
        <test-method is-config="true" signature="tearDown()[pri:0, instance:com.learnautomation.testcases.LoginTest@4ebff610]" started-at="2023-09-25T05:35:37Z" name="tearDown" finished-at="2023-09-25T05:35:39Z" duration-ms="2884" status="PASS">
          <reporter-output>
          </reporter-output>
        </test-method> <!-- tearDown -->
      </class> <!-- com.learnautomation.testcases.LoginTest -->
    </test> <!-- Default test -->
  </suite> <!-- Default suite -->
</testng-results>
